<?xml version="1.0" encoding="UTF-8"?>
<!-- Generated by org.testng.reporters.JUnitReportReporter -->
<testsuite skipped="1" hostname="LAPTOP-DQ54Q26M" name="basics.BasicTest" tests="2" failures="0" timestamp="16 May 2019 23:35:49 GMT" time="6.941" errors="0">
  <testcase name="getResponseBody" time="6.941" classname="basics.BasicTest"/>
  <testcase name="statusCodeVerification" classname="basics.BasicTest">
    <skipped/>
  </testcase> <!-- statusCodeVerification -->
</testsuite> <!-- basics.BasicTest -->
