<?xml version="1.0" encoding="UTF-8"?>
<!-- Generated by org.testng.reporters.JUnitReportReporter -->
<testsuite skipped="1" hostname="LAPTOP-DQ54Q26M" name="basics.GetReqDemo" tests="2" failures="0" timestamp="15 May 2019 20:00:55 GMT" time="4.990" errors="0">
  <testcase name="getResponseBody" time="4.990" classname="basics.GetReqDemo"/>
  <testcase name="statusCodeVerify" classname="basics.GetReqDemo">
    <skipped/>
  </testcase> <!-- statusCodeVerify -->
</testsuite> <!-- basics.GetReqDemo -->
