<?xml version="1.0" encoding="UTF-8"?>
<!-- Generated by org.testng.reporters.JUnitReportReporter -->
<testsuite skipped="0" hostname="LAPTOP-DQ54Q26M" name="basics.PostReqDemo" tests="1" failures="0" timestamp="22 May 2019 22:21:05 GMT" time="1.851" errors="0">
  <testcase name="postRequest" time="1.851" classname="basics.PostReqDemo"/>
</testsuite> <!-- basics.PostReqDemo -->
