<?xml version="1.0" encoding="UTF-8"?>
<!-- Generated by org.testng.reporters.JUnitReportReporter -->
<testsuite skipped="0" hostname="LAPTOP-DQ54Q26M" name="basics.ValidateResponse" tests="1" failures="0" timestamp="15 May 2019 20:11:55 GMT" time="6.453" errors="0">
  <testcase name="statusCodeVerify" time="6.453" classname="basics.ValidateResponse"/>
</testsuite> <!-- basics.ValidateResponse -->
